<?xml version="1.0" encoding="UTF-8"?>
<!-- Generated by org.testng.reporters.JUnitReportReporter -->
<testsuite skipped="0" hostname="Subrahmanyam" name="MavenOne.TestingMaven.Day2Test" tests="2" failures="0" timestamp="2021-02-16T07:49:33 IST" time="0.006" errors="0">
  <testcase name="CarLoanWebDay2" time="0.004" classname="MavenOne.TestingMaven.Day2Test"/>
  <system-out/>
  <testcase name="CarLoanMobileDay2" time="0.002" classname="MavenOne.TestingMaven.Day2Test"/>
  <system-out/>
</testsuite> <!-- MavenOne.TestingMaven.Day2Test -->
