<?xml version="1.0" encoding="UTF-8"?>
<!-- Generated by org.testng.reporters.JUnitReportReporter -->
<testsuite skipped="0" hostname="Subrahmanyam" name="MavenOne.TestingMaven.Day1Test" tests="2" failures="0" timestamp="2021-02-16T07:49:33 IST" time="0.014" errors="0">
  <testcase name="CarLoanMobileDay1" time="0.012" classname="MavenOne.TestingMaven.Day1Test"/>
  <system-out/>
  <testcase name="CarLoanWebDay1" time="0.002" classname="MavenOne.TestingMaven.Day1Test"/>
  <system-out/>
</testsuite> <!-- MavenOne.TestingMaven.Day1Test -->
