<?xml version="1.0" encoding="UTF-8"?>
<!-- Generated by org.testng.reporters.JUnitReportReporter -->
<testsuite skipped="0" hostname="Subrahmanyam" name="MavenOne.TestingMaven.Day1Test" tests="2" failures="0" timestamp="2021-02-21T19:10:18 IST" time="0.012" errors="0">
  <testcase name="CarLoanWebDay1" time="0.001" classname="MavenOne.TestingMaven.Day1Test"/>
  <system-out/>
  <testcase name="CarLoanMobileDay1" time="0.011" classname="MavenOne.TestingMaven.Day1Test"/>
  <system-out/>
</testsuite> <!-- MavenOne.TestingMaven.Day1Test -->
