<?xml version="1.0" encoding="UTF-8"?>
<!-- Generated by org.testng.reporters.JUnitReportReporter -->
<testsuite skipped="0" hostname="Subrahmanyam" name="MavenOne.TestingMaven.Day2Test" tests="4" failures="0" timestamp="2021-02-21T19:11:54 IST" time="0.008" errors="0">
  <testcase name="BusLoanMobileDay2" time="0.008" classname="MavenOne.TestingMaven.Day2Test"/>
  <system-out/>
  <testcase name="CarLoanMobileDay2" time="0.000" classname="MavenOne.TestingMaven.Day2Test"/>
  <system-out/>
  <testcase name="BusLoanWebDay2" time="0.000" classname="MavenOne.TestingMaven.Day2Test"/>
  <system-out/>
  <testcase name="CarLoanWebDay2" time="0.000" classname="MavenOne.TestingMaven.Day2Test"/>
  <system-out/>
</testsuite> <!-- MavenOne.TestingMaven.Day2Test -->
